0 info it worked if it ends with ok
1 verbose cli [ '/usr/local/bin/node', '/usr/local/bin/npm', 'install' ]
2 info using npm@3.10.9
3 info using node@v6.9.2
4 silly loadCurrentTree Starting
5 silly install loadCurrentTree
6 silly install readLocalPackageData
7 silly install normalizeTree
8 silly loadCurrentTree Finishing
9 silly loadIdealTree Starting
10 silly install loadIdealTree
11 silly cloneCurrentTree Starting
12 silly install cloneCurrentTreeToIdealTree
13 silly cloneCurrentTree Finishing
14 silly loadShrinkwrap Starting
15 silly install loadShrinkwrap
16 silly loadShrinkwrap Finishing
17 silly loadAllDepsIntoIdealTree Starting
18 silly install loadAllDepsIntoIdealTree
19 silly fetchNamedPackageData fs
20 silly mapToRegistry name fs
21 silly mapToRegistry using default registry
22 silly mapToRegistry registry https://registry.npmjs.org/
23 silly mapToRegistry data Result {
23 silly mapToRegistry   raw: 'fs',
23 silly mapToRegistry   scope: null,
23 silly mapToRegistry   escapedName: 'fs',
23 silly mapToRegistry   name: 'fs',
23 silly mapToRegistry   rawSpec: '',
23 silly mapToRegistry   spec: 'latest',
23 silly mapToRegistry   type: 'tag' }
24 silly mapToRegistry uri https://registry.npmjs.org/fs
25 verbose request uri https://registry.npmjs.org/fs
26 verbose request no auth needed
27 info attempt registry request try #1 at 6:22:56 PM
28 verbose request id ebedb808b0497817
29 verbose etag W/"5934b1a8-d9e"
30 verbose lastModified Mon, 05 Jun 2017 01:19:36 GMT
31 http request GET https://registry.npmjs.org/fs
32 http 304 https://registry.npmjs.org/fs
33 verbose headers { date: 'Thu, 08 Jun 2017 22:22:59 GMT',
33 verbose headers   via: '1.1 varnish',
33 verbose headers   'cache-control': 'max-age=300',
33 verbose headers   etag: 'W/"5934b1a8-d9e"',
33 verbose headers   age: '93',
33 verbose headers   connection: 'keep-alive',
33 verbose headers   'x-served-by': 'cache-ord1743-ORD',
33 verbose headers   'x-cache': 'HIT',
33 verbose headers   'x-cache-hits': '1',
33 verbose headers   'x-timer': 'S1496960580.849872,VS0,VE1',
33 verbose headers   vary: 'Accept-Encoding' }
34 silly get cb [ 304,
34 silly get   { date: 'Thu, 08 Jun 2017 22:22:59 GMT',
34 silly get     via: '1.1 varnish',
34 silly get     'cache-control': 'max-age=300',
34 silly get     etag: 'W/"5934b1a8-d9e"',
34 silly get     age: '93',
34 silly get     connection: 'keep-alive',
34 silly get     'x-served-by': 'cache-ord1743-ORD',
34 silly get     'x-cache': 'HIT',
34 silly get     'x-cache-hits': '1',
34 silly get     'x-timer': 'S1496960580.849872,VS0,VE1',
34 silly get     vary: 'Accept-Encoding' } ]
35 verbose etag https://registry.npmjs.org/fs from cache
36 verbose get saving fs to /Users/atamsingh/.npm/registry.npmjs.org/fs/.cache.json
37 verbose correctMkdir /Users/atamsingh/.npm correctMkdir not in flight; initializing
38 silly resolveWithNewModule fs@0.0.0 checking installable status
39 silly cache add args [ 'fs@x', null ]
40 verbose cache add spec fs@x
41 silly cache add parsed spec Result {
41 silly cache add   raw: 'fs@x',
41 silly cache add   scope: null,
41 silly cache add   escapedName: 'fs',
41 silly cache add   name: 'fs',
41 silly cache add   rawSpec: 'x',
41 silly cache add   spec: '*',
41 silly cache add   type: 'range' }
42 silly addNamed fs@*
43 verbose addNamed "*" is a valid semver range for fs
44 silly addNameRange { name: 'fs', range: '*', hasData: false }
45 silly mapToRegistry name fs
46 silly mapToRegistry using default registry
47 silly mapToRegistry registry https://registry.npmjs.org/
48 silly mapToRegistry data Result {
48 silly mapToRegistry   raw: 'fs',
48 silly mapToRegistry   scope: null,
48 silly mapToRegistry   escapedName: 'fs',
48 silly mapToRegistry   name: 'fs',
48 silly mapToRegistry   rawSpec: '',
48 silly mapToRegistry   spec: 'latest',
48 silly mapToRegistry   type: 'tag' }
49 silly mapToRegistry uri https://registry.npmjs.org/fs
50 verbose addNameRange registry:https://registry.npmjs.org/fs not in flight; fetching
51 verbose get https://registry.npmjs.org/fs not expired, no request
52 silly addNameRange number 2 { name: 'fs', range: '*', hasData: true }
53 silly addNameRange versions [ 'fs', [ '0.0.1-security', '0.0.0', '0.0.2' ] ]
54 silly addNamed fs@0.0.2
55 verbose addNamed "0.0.2" is a plain semver version for fs
56 silly cache afterAdd fs@0.0.2
57 verbose afterAdd /Users/atamsingh/.npm/fs/0.0.2/package/package.json not in flight; writing
58 verbose correctMkdir /Users/atamsingh/.npm correctMkdir not in flight; initializing
59 verbose afterAdd /Users/atamsingh/.npm/fs/0.0.2/package/package.json written
60 silly rollbackFailedOptional Starting
61 silly rollbackFailedOptional Finishing
62 silly runTopLevelLifecycles Finishing
63 silly install printInstalled
64 verbose stack Error: Error extracting /Users/atamsingh/.npm/fs/0.0.0/package.tgz archive: ENOENT: no such file or directory, open '/Users/atamsingh/.npm/fs/0.0.0/package.tgz'
64 verbose stack     at ReadStream.<anonymous> (/usr/local/lib/node_modules/npm/lib/fetch-package-metadata.js:309:10)
64 verbose stack     at emitOne (events.js:96:13)
64 verbose stack     at ReadStream.emit (events.js:188:7)
64 verbose stack     at /usr/local/lib/node_modules/npm/node_modules/graceful-fs/graceful-fs.js:190:14
64 verbose stack     at /usr/local/lib/node_modules/npm/node_modules/graceful-fs/graceful-fs.js:241:16
64 verbose stack     at FSReqWrap.oncomplete (fs.js:123:15)
65 verbose cwd /Users/atamsingh/git/punjabi_youtube/website-content
66 error Darwin 16.5.0
67 error argv "/usr/local/bin/node" "/usr/local/bin/npm" "install"
68 error node v6.9.2
69 error npm  v3.10.9
70 error code EREADFILE
71 error Error extracting /Users/atamsingh/.npm/fs/0.0.0/package.tgz archive: ENOENT: no such file or directory, open '/Users/atamsingh/.npm/fs/0.0.0/package.tgz'
72 error If you need help, you may report this error at:
72 error     <https://github.com/npm/npm/issues>
73 verbose exit [ 1, true ]
